  Main.cpp
C:\Users\Robbie\Documents\Ontario Tech University\Year 3\Game Development Workshop\SettingsPlugin\PlayerSettings.h(27,11): warning C4251: 'PlayerSettings::WriteFile': class 'std::basic_ofstream<char,std::char_traits<char>>' needs to have dll-interface to be used by clients of class 'PlayerSettings'
C:\Program Files (x86)\Microsoft Visual Studio\2019\Community\VC\Tools\MSVC\14.29.30133\include\iosfwd(229): message : see declaration of 'std::basic_ofstream<char,std::char_traits<char>>'
C:\Users\Robbie\Documents\Ontario Tech University\Year 3\Game Development Workshop\SettingsPlugin\PlayerSettings.h(28,17): warning C4251: 'PlayerSettings::lines': class 'std::vector<float,std::allocator<float>>' needs to have dll-interface to be used by clients of class 'PlayerSettings'
C:\Users\Robbie\Documents\Ontario Tech University\Year 3\Game Development Workshop\SettingsPlugin\PlayerSettings.h(28): message : see declaration of 'std::vector<float,std::allocator<float>>'
  PlayerSettings.cpp
C:\Users\Robbie\Documents\Ontario Tech University\Year 3\Game Development Workshop\SettingsPlugin\PlayerSettings.h(27,11): warning C4251: 'PlayerSettings::WriteFile': class 'std::basic_ofstream<char,std::char_traits<char>>' needs to have dll-interface to be used by clients of class 'PlayerSettings'
C:\Program Files (x86)\Microsoft Visual Studio\2019\Community\VC\Tools\MSVC\14.29.30133\include\iosfwd(229): message : see declaration of 'std::basic_ofstream<char,std::char_traits<char>>'
C:\Users\Robbie\Documents\Ontario Tech University\Year 3\Game Development Workshop\SettingsPlugin\PlayerSettings.h(28,17): warning C4251: 'PlayerSettings::lines': class 'std::vector<float,std::allocator<float>>' needs to have dll-interface to be used by clients of class 'PlayerSettings'
C:\Users\Robbie\Documents\Ontario Tech University\Year 3\Game Development Workshop\SettingsPlugin\PlayerSettings.h(28): message : see declaration of 'std::vector<float,std::allocator<float>>'
  Wrapper.cpp
C:\Users\Robbie\Documents\Ontario Tech University\Year 3\Game Development Workshop\SettingsPlugin\PlayerSettings.h(27,11): warning C4251: 'PlayerSettings::WriteFile': class 'std::basic_ofstream<char,std::char_traits<char>>' needs to have dll-interface to be used by clients of class 'PlayerSettings'
C:\Program Files (x86)\Microsoft Visual Studio\2019\Community\VC\Tools\MSVC\14.29.30133\include\iosfwd(229): message : see declaration of 'std::basic_ofstream<char,std::char_traits<char>>'
C:\Users\Robbie\Documents\Ontario Tech University\Year 3\Game Development Workshop\SettingsPlugin\PlayerSettings.h(28,17): warning C4251: 'PlayerSettings::lines': class 'std::vector<float,std::allocator<float>>' needs to have dll-interface to be used by clients of class 'PlayerSettings'
C:\Users\Robbie\Documents\Ontario Tech University\Year 3\Game Development Workshop\SettingsPlugin\PlayerSettings.h(28): message : see declaration of 'std::vector<float,std::allocator<float>>'
     Creating library C:\Users\Robbie\Documents\Ontario Tech University\Year 3\Game Development Workshop\SettingsPlugin\x64\Release\SettingsPlugin.lib and object C:\Users\Robbie\Documents\Ontario Tech University\Year 3\Game Development Workshop\SettingsPlugin\x64\Release\SettingsPlugin.exp
  Generating code
  Previous IPDB and IOBJ mismatch, fall back to full compilation.
  All 260 functions were compiled because no usable IPDB/IOBJ from previous compilation was found.
  Finished generating code
  SettingsPlugin.vcxproj -> C:\Users\Robbie\Documents\Ontario Tech University\Year 3\Game Development Workshop\SettingsPlugin\x64\Release\SettingsPlugin.dll
